11.10.2023 19:43   1 /home/andre/Videos/[Anime Time] Demon Slayer (Season 2) - 10 [1080p][HEVC 10bit x265][Multi Sub].mkv
11.10.2023 19:46   1 [Anime Time] Demon Slayer (Season 2) - 10 [1080p][HEVC 10bit x265][Multi Sub].mkv
11.10.2023 19:51   3 [Anime Time] Demon Slayer (Season 2) - 10 [1080p][HEVC 10bit x265][Multi Sub].mkv
11.10.2023 19:53   2 [Anime Time] Demon Slayer (Season 2) - 10 [1080p][HEVC 10bit x265][Multi Sub].mkv
11.10.2023 20:16   8 demonslayer.mkv
11.10.2023 21:31  60 [Anime Time] Demon Slayer (Season 2) - 10 [1080p][HEVC 10bit x265][Multi Sub].mkv
11.10.2023 22:52  51 [Judas] Kimetsu no Yaiba - S04E01v2.mkv
11.10.2023 23:16  23 /home/andre/Videos/[Judas] Kimetsu no Yaiba (Demon Slayer) (Season 4 - Swordsmith Village Arc) [1080p][HEVC x265 10bit][Dual-Audio][Multi-Subs]/[Judas] Kimetsu no Yaiba - S04E02v2.mkv
11.10.2023 23:41  25 /home/andre/Videos/[Judas] Kimetsu no Yaiba (Demon Slayer) (Season 4 - Swordsmith Village Arc) [1080p][HEVC x265 10bit][Dual-Audio][Multi-Subs]/[Judas] Kimetsu no Yaiba - S04E03v2.mkv
11.10.2023 23:45   4 /home/andre/Videos/[Judas] Kimetsu no Yaiba (Demon Slayer) (Season 4 - Swordsmith Village Arc) [1080p][HEVC x265 10bit][Dual-Audio][Multi-Subs]/[Judas] Kimetsu no Yaiba - S04E04v2.mkv
12.10.2023 00:03  18 /home/andre/Videos/[Judas] Kimetsu no Yaiba (Demon Slayer) (Season 4 - Swordsmith Village Arc) [1080p][HEVC x265 10bit][Dual-Audio][Multi-Subs]/[Judas] Kimetsu no Yaiba - S04E04v2.mkv
12.10.2023 00:24  21 /home/andre/Videos/[Judas] Kimetsu no Yaiba (Demon Slayer) (Season 4 - Swordsmith Village Arc) [1080p][HEVC x265 10bit][Dual-Audio][Multi-Subs]/[Judas] Kimetsu no Yaiba - S04E05v2.mkv
12.10.2023 00:35  11 /home/andre/Videos/[Judas] Kimetsu no Yaiba (Demon Slayer) (Season 4 - Swordsmith Village Arc) [1080p][HEVC x265 10bit][Dual-Audio][Multi-Subs]/[Judas] Kimetsu no Yaiba - S04E06v2.mkv
12.10.2023 00:49  14 /home/andre/Videos/[Judas] Kimetsu no Yaiba (Demon Slayer) (Season 4 - Swordsmith Village Arc) [1080p][HEVC x265 10bit][Dual-Audio][Multi-Subs]/[Judas] Kimetsu no Yaiba - S04E07v2.mkv
12.10.2023 00:52   3 /home/andre/Videos/[Judas] Kimetsu no Yaiba (Demon Slayer) (Season 4 - Swordsmith Village Arc) [1080p][HEVC x265 10bit][Dual-Audio][Multi-Subs]/[Judas] Kimetsu no Yaiba - S04E08v2.mkv
12.10.2023 00:56   4 /home/andre/Videos/[Judas] Kimetsu no Yaiba (Demon Slayer) (Season 4 - Swordsmith Village Arc) [1080p][HEVC x265 10bit][Dual-Audio][Multi-Subs]/[Judas] Kimetsu no Yaiba - S04E09v2.mkv
12.10.2023 01:02   6 /home/andre/Videos/[Judas] Kimetsu no Yaiba (Demon Slayer) (Season 4 - Swordsmith Village Arc) [1080p][HEVC x265 10bit][Dual-Audio][Multi-Subs]/[Judas] Kimetsu no Yaiba - S04E10v2.mkv
12.10.2023 01:26  24 /home/andre/Videos/[Judas] Kimetsu no Yaiba (Demon Slayer) (Season 4 - Swordsmith Village Arc) [1080p][HEVC x265 10bit][Dual-Audio][Multi-Subs]/[Judas] Kimetsu no Yaiba - S04E11v2.mkv
12.10.2023 22:46   2 /home/andre/Videos/developedbyed - The Creative Javascript Course 2021-1/1. The Basics/1.1 Installing vsCode_Downloadly.ir.mp4
12.10.2023 22:53   7 /home/andre/Videos/developedbyed - The Creative Javascript Course 2021-1/1. The Basics/1.10 Truthy False Values_Downloadly.ir.mp4
12.10.2023 23:09  16 /home/andre/Videos/developedbyed - The Creative Javascript Course 2021-1/1. The Basics/1.11 Functions_Downloadly.ir.mp4
12.10.2023 23:13   3 /home/andre/Videos/developedbyed - The Creative Javascript Course 2021-1/2. Chapter 2 - DOM/1. The DOM_Downloadly.ir.mp4
13.10.2023 12:52   5 /home/andre/Videos/developedbyed - The Creative Javascript Course 2021-1/2. Chapter 2 - DOM/5. Events_Downloadly.ir.mp4
13.10.2023 12:57   5 /home/andre/Videos/developedbyed - The Creative Javascript Course 2021-1/2. Chapter 2 - DOM/4. Collections and Nodelists_Downloadly.ir.mp4
14.10.2023 18:58 197 /home/andre/Videos/developedbyed - The Creative Javascript Course 2021-1/2. Chapter 2 - DOM/6. Event Bubbling_Downloadly.ir.mp4
14.10.2023 22:48 229 /home/andre/Videos/developedbyed - The Creative Javascript Course 2021-1/2. Chapter 2 - DOM/7. Session and Local Storage_Downloadly.ir.mp4
14.10.2023 22:49   2 /home/andre/Videos/developedbyed - The Creative Javascript Course 2021-1/3. Chapter 3 - Todo Project/0. Todo Intro_Downloadly.ir.mp4
14.10.2023 23:31  42 /home/andre/Videos/developedbyed - The Creative Javascript Course 2021-1/3. Chapter 3 - Todo Project/1.Set Up_Downloadly.ir.mp4
15.10.2023 00:50  79 /home/andre/Videos/developedbyed - The Creative Javascript Course 2021-1/3. Chapter 3 - Todo Project/2. Basic Styling_Downloadly.ir.mp4
15.10.2023 01:12  22 /home/andre/Videos/developedbyed - The Creative Javascript Course 2021-1/3. Chapter 3 - Todo Project/3. Generating Todos_Downloadly.ir.mp4
15.10.2023 01:18   6 /home/andre/Videos/developedbyed - The Creative Javascript Course 2021-1/3. Chapter 3 - Todo Project/4. Adding Todos_Downloadly.ir.mp4
15.10.2023 14:20 703 /home/andre/Videos/developedbyed - The Creative Javascript Course 2021-1/3. Chapter 3 - Todo Project/5.Delete and Mark_Downloadly.ir.mp4
15.10.2023 15:28  68 /home/andre/Videos/developedbyed - The Creative Javascript Course 2021-1/3. Chapter 3 - Todo Project/6.Animations_Downloadly.ir.mp4
15.10.2023 16:08  40 /home/andre/Videos/developedbyed - The Creative Javascript Course 2021-1/3. Chapter 3 - Todo Project/7.Filtering_Downloadly.ir.mp4
15.10.2023 16:31  23 /home/andre/Videos/developedbyed - The Creative Javascript Course 2021-1/3. Chapter 3 - Todo Project/8. Local Storage_Downloadly.ir.mp4
15.10.2023 18:19 108 /home/andre/Videos/developedbyed - The Creative Javascript Course 2021-1/3. Chapter 3 - Todo Project/7.Filtering_Downloadly.ir.mp4
17.10.2023 18:31 240 /home/andre/Videos/developedbyed - The Creative Javascript Course 2021-1/3. Chapter 3 - Todo Project/8. Local Storage_Downloadly.ir.mp4
17.10.2023 18:55  24 /home/andre/Videos/developedbyed - The Creative Javascript Course 2021-1/4. Chapter 4 - Arrays/1. Primitives Vs Reference Types_Downloadly.ir.mp4
17.10.2023 19:01   7 /home/andre/Videos/developedbyed - The Creative Javascript Course 2021-1/4. Chapter 4 - Arrays/2. Callbacks, Higher Order Functions_Downloadly.ir.mp4
17.10.2023 19:13  11 /home/andre/Videos/developedbyed - The Creative Javascript Course 2021-1/4. Chapter 4 - Arrays/2. Callbacks, Higher Order Functions_Downloadly.ir.mp4
17.10.2023 19:35  22 /home/andre/Videos/developedbyed - The Creative Javascript Course 2021-1/4. Chapter 4 - Arrays/3. Map_Downloadly.ir.mp4
17.10.2023 19:38   3 /home/andre/Videos/developedbyed - The Creative Javascript Course 2021-1/4. Chapter 4 - Arrays/4. Find_Downloadly.ir.mp4
17.10.2023 19:49  10 /home/andre/Videos/developedbyed - The Creative Javascript Course 2021-1/4. Chapter 4 - Arrays/5. Filter_Downloadly.ir.mp4
17.10.2023 20:11  23 /home/andre/Videos/developedbyed - The Creative Javascript Course 2021-1/4. Chapter 4 - Arrays/6. Some and Every_Downloadly.ir.mp4
17.10.2023 23:59 227 /home/andre/Videos/developedbyed - The Creative Javascript Course 2021-1/4. Chapter 4 - Arrays/7. Turnary Operator_Downloadly.ir.mp4
18.10.2023 00:46  30 /home/andre/Videos/Trinity.Seven.S01.1080p-Hi10p.BluRay.FLAC2.0.x264-MC/Trinity.Seven.S01E01.v2.1080p-Hi10p.BluRay.FLAC2.0.x264-MC [71AE0C1E].mkv
18.10.2023 00:51   5 /home/andre/Videos/Trinity.Seven.S01.1080p-Hi10p.BluRay.FLAC2.0.x264-MC/Trinity.Seven.S01E02.v2.1080p-Hi10p.BluRay.FLAC2.0.x264-MC [C108D42D].mkv
18.10.2023 20:17  73 /home/andre/Videos/Trinity.Seven.S01.1080p-Hi10p.BluRay.FLAC2.0.x264-MC/Trinity.Seven.S01E02.v2.1080p-Hi10p.BluRay.FLAC2.0.x264-MC [C108D42D].mkv
19.10.2023 00:31   6 /home/andre/Videos/Trinity.Seven.S01.1080p-Hi10p.BluRay.FLAC2.0.x264-MC/Trinity.Seven.S01E02.v2.1080p-Hi10p.BluRay.FLAC2.0.x264-MC [C108D42D].mkv
19.10.2023 00:50  19 /home/andre/Videos/Trinity.Seven.S01.1080p-Hi10p.BluRay.FLAC2.0.x264-MC/Trinity.Seven.S01E03.v2.1080p-Hi10p.BluRay.FLAC2.0.x264-MC [FCA88A73].mkv
19.10.2023 01:11  21 /home/andre/Videos/Trinity.Seven.S01.1080p-Hi10p.BluRay.FLAC2.0.x264-MC/Trinity.Seven.S01E04.v2.1080p-Hi10p.BluRay.FLAC2.0.x264-MC [E21B091D].mkv
19.10.2023 01:39  28 /home/andre/Videos/Trinity.Seven.S01.1080p-Hi10p.BluRay.FLAC2.0.x264-MC/Trinity.Seven.S01E05.v2.1080p-Hi10p.BluRay.FLAC2.0.x264-MC [AB7B9C71].mkv
19.10.2023 02:02  23 /home/andre/Videos/Trinity.Seven.S01.1080p-Hi10p.BluRay.FLAC2.0.x264-MC/Trinity.Seven.S01E06.v2.1080p-Hi10p.BluRay.FLAC2.0.x264-MC [D640D004].mkv
19.10.2023 02:04   2 /home/andre/Videos/Trinity.Seven.S01.1080p-Hi10p.BluRay.FLAC2.0.x264-MC/Trinity.Seven.S01E06.v2.1080p-Hi10p.BluRay.FLAC2.0.x264-MC [D640D004].mkv
19.10.2023 02:33  29 /home/andre/Videos/Trinity.Seven.S01.1080p-Hi10p.BluRay.FLAC2.0.x264-MC/Trinity.Seven.S01E07.v2.1080p-Hi10p.BluRay.FLAC2.0.x264-MC [B4B5C83C].mkv
19.10.2023 03:41  10 /home/andre/Videos/developedbyed - The Creative Javascript Course 2021-1/4. Chapter 4 - Arrays/7. Turnary Operator_Downloadly.ir.mp4
19.10.2023 04:18  30 /home/andre/Videos/developedbyed - The Creative Javascript Course 2021-1/4. Chapter 4 - Arrays/8. Arrow Functions_Downloadly.ir.mp4
19.10.2023 04:32  14 /home/andre/Videos/developedbyed - The Creative Javascript Course 2021-1/4. Chapter 4 - Arrays/9. Sort...weird_Downloadly.ir.mp4
19.10.2023 04:42  10 /home/andre/Videos/developedbyed - The Creative Javascript Course 2021-1/4. Chapter 4 - Arrays/10. Creating Copies_Downloadly.ir.mp4
19.10.2023 04:44   2 /home/andre/Videos/developedbyed - The Creative Javascript Course 2021-1/5. Chapter 5 - Objects/0. Objects Intro_Downloadly.ir.mp4
19.10.2023 04:58  14 /home/andre/Videos/developedbyed - The Creative Javascript Course 2021-1/5. Chapter 5 - Objects/1. The Global Execution Context and Hoisting_Downloadly.ir.mp4
19.10.2023 11:04 366 /home/andre/Videos/developedbyed - The Creative Javascript Course 2021-1/5. Chapter 5 - Objects/2. Callstack_Downloadly.ir.mp4
19.10.2023 11:27  23 /home/andre/Videos/developedbyed - The Creative Javascript Course 2021-1/5. Chapter 5 - Objects/3. This Keyword_Downloadly.ir.mp4
19.10.2023 12:01  34 /home/andre/Videos/developedbyed - The Creative Javascript Course 2021-1/5. Chapter 5 - Objects/4. Bind, Call, Apply_Downloadly.ir.mp4
19.10.2023 12:39  38 /home/andre/Videos/developedbyed - The Creative Javascript Course 2021-1/5. Chapter 5 - Objects/5. Constructor Functions_Downloadly.ir.mp4
19.10.2023 13:06  27 /home/andre/Videos/developedbyed - The Creative Javascript Course 2021-1/5. Chapter 5 - Objects/6. Prototype_Downloadly.ir.mp4
19.10.2023 13:11   5 /home/andre/Videos/developedbyed - The Creative Javascript Course 2021-1/5. Chapter 5 - Objects/7. Prototypal Inheritence_Downloadly.ir.mp4
19.10.2023 13:32  21 /home/andre/Videos/developedbyed - The Creative Javascript Course 2021-1/5. Chapter 5 - Objects/7. Prototypal Inheritence_Downloadly.ir.mp4
19.10.2023 14:01  28 /home/andre/Videos/developedbyed - The Creative Javascript Course 2021-1/5. Chapter 5 - Objects/8. Classes_Downloadly.ir.mp4
19.10.2023 14:20  19 /home/andre/Videos/developedbyed - The Creative Javascript Course 2021-1/5. Chapter 5 - Objects/9. Fun Stuff With OOP_Downloadly.ir.mp4
19.10.2023 14:51  31 /home/andre/Videos/developedbyed - The Creative Javascript Course 2021-1/6. Chapter 6 - Beatmaker Project/1. Project Preview_Downloadly.ir.mp4
19.10.2023 21:43 412 /home/andre/Videos/developedbyed - The Creative Javascript Course 2021-1/6. Chapter 6 - Beatmaker Project/2.HTML Setup_Downloadly.ir.mp4
19.10.2023 22:20  38 /home/andre/Videos/developedbyed - The Creative Javascript Course 2021-1/6. Chapter 6 - Beatmaker Project/3.CSS Setup_Downloadly.ir.mp4
19.10.2023 22:43  23 /home/andre/Videos/developedbyed - The Creative Javascript Course 2021-1/6. Chapter 6 - Beatmaker Project/4. Creating Our Sound Loop_Downloadly.ir.mp4
20.10.2023 05:01  48 /home/andre/Videos/developedbyed - The Creative Javascript Course 2021-1/6. Chapter 6 - Beatmaker Project/1. Project Preview_Downloadly.ir.mp4
20.10.2023 05:06   5 /home/andre/Videos/developedbyed - The Creative Javascript Course 2021-1/6. Chapter 6 - Beatmaker Project/3.CSS Setup_Downloadly.ir.mp4
20.10.2023 05:26  19 /home/andre/Videos/developedbyed - The Creative Javascript Course 2021-1/6. Chapter 6 - Beatmaker Project/1. Project Preview_Downloadly.ir.mp4
20.10.2023 22:37 699 /home/andre/Videos/developedbyed - The Creative Javascript Course 2021-1/6. Chapter 6 - Beatmaker Project/1. Project Preview_Downloadly.ir.mp4
21.10.2023 11:25   2 /home/andre/Videos/Trinity.Seven.S01.1080p-Hi10p.BluRay.FLAC2.0.x264-MC/Trinity.Seven.S01E06.v2.1080p-Hi10p.BluRay.FLAC2.0.x264-MC [D640D004].mkv
21.10.2023 17:32 367 /home/andre/Videos/Trinity.Seven.S01.1080p-Hi10p.BluRay.FLAC2.0.x264-MC/Trinity.Seven.S01E08.v2.1080p-Hi10p.BluRay.FLAC2.0.x264-MC [39270948].mkv
21.10.2023 20:47 195 /home/andre/Videos/Trinity.Seven.S01.1080p-Hi10p.BluRay.FLAC2.0.x264-MC/Trinity.Seven.S01E09.v2.1080p-Hi10p.BluRay.FLAC2.0.x264-MC [AEE10261].mkv
21.10.2023 23:32  18 /home/andre/Videos/Trinity.Seven.S01.1080p-Hi10p.BluRay.FLAC2.0.x264-MC/Trinity.Seven.S01E09.v2.1080p-Hi10p.BluRay.FLAC2.0.x264-MC [AEE10261].mkv
22.10.2023 00:36  64 /home/andre/Videos/Trinity.Seven.S01.1080p-Hi10p.BluRay.FLAC2.0.x264-MC/Trinity.Seven.S01E09.v2.1080p-Hi10p.BluRay.FLAC2.0.x264-MC [AEE10261].mkv
22.10.2023 14:49 117 /home/andre/Videos/Trinity.Seven.S01.1080p-Hi10p.BluRay.FLAC2.0.x264-MC/Trinity.Seven.S01E10.v2.1080p-Hi10p.BluRay.FLAC2.0.x264-MC [2504C6A1].mkv
22.10.2023 15:04  15 /home/andre/Videos/Trinity.Seven.S01.1080p-Hi10p.BluRay.FLAC2.0.x264-MC/Trinity.Seven.S01E11.v2.1080p-Hi10p.BluRay.FLAC2.0.x264-MC [836600DF].mkv
22.10.2023 15:15  11 /home/andre/Videos/Trinity.Seven.S01.1080p-Hi10p.BluRay.FLAC2.0.x264-MC/Trinity.Seven.S01E12.v2.1080p-Hi10p.BluRay.FLAC2.0.x264-MC [3152630E].mkv
22.10.2023 15:16   1 /home/andre/Videos/Trinity.Seven.S01.1080p-Hi10p.BluRay.FLAC2.0.x264-MC/Trinity.Seven.S01E13.v2.1080p-Hi10p.BluRay.FLAC2.0.x264-MC [5D9F80D5].mkv
24.10.2023 14:28   1 /home/andre/Videos/developedbyed - The Creative Javascript Course 2021-1/6. Chapter 6 - Beatmaker Project/3.CSS Setup_Downloadly.ir.mp4
24.10.2023 14:31   4 /home/andre/Videos/developedbyed - The Creative Javascript Course 2021-1/6. Chapter 6 - Beatmaker Project/4. Creating Our Sound Loop_Downloadly.ir.mp4
26.10.2023 12:36  74 /home/andre/Videos/developedbyed - The Creative Javascript Course 2021-1/6. Chapter 6 - Beatmaker Project/4. Creating Our Sound Loop_Downloadly.ir.mp4
26.10.2023 14:32 116 /home/andre/Videos/developedbyed - The Creative Javascript Course 2021-1/6. Chapter 6 - Beatmaker Project/5.Let's hear the sounds!_Downloadly.ir.mp4
26.10.2023 14:33   1 /home/andre/Videos/developedbyed - The Creative Javascript Course 2021-1/6. Chapter 6 - Beatmaker Project/6.Quick Fix_Downloadly.ir.mp4
26.10.2023 22:41 487 /home/andre/Videos/developedbyed - The Creative Javascript Course 2021-1/6. Chapter 6 - Beatmaker Project/7. Play and Stop_Downloadly.ir.mp4
26.10.2023 23:51  70 /home/andre/Videos/developedbyed - The Creative Javascript Course 2021-1/6. Chapter 6 - Beatmaker Project/8. Changing Sounds_Downloadly.ir.mp4
27.10.2023 10:22 631 /home/andre/Videos/developedbyed - The Creative Javascript Course 2021-1/6. Chapter 6 - Beatmaker Project/9.Muting Sounds_Downloadly.ir.mp4
27.10.2023 14:37   4 ../Mr.Kitty - After Dark (Slowed to Perfection + Rain Effect) [XAP8ST5mRgg].mp3
27.10.2023 17:00 398 /home/andre/Videos/developedbyed - The Creative Javascript Course 2021-1/6. Chapter 6 - Beatmaker Project/10.Adding Tempo_Downloadly.ir.mp4
29.10.2023 22:54   3 [MiniDual] Kimetsu no Yaiba - Katanakaji no Sato-hen  (Demon Slayer - S3) - 5 (Dual Audio).mkv
29.10.2023 23:09   6 /home/andre/Videos/input.mkv
