2023-09-12 04:37:27 Loading main app package /usr/lib/obsidian/obsidian.asar
2023-09-12 04:37:28 Checking for update using Github
2023-09-12 04:37:30 Success.
2023-09-12 04:37:30 Latest version is 1.4.11
2023-09-12 04:37:30 App is up to date.
2023-09-15 17:11:51 Loading main app package /usr/lib/obsidian/obsidian.asar
2023-09-15 17:11:52 Checking for update using Github
2023-09-15 17:11:52 Success.
2023-09-15 17:11:52 Latest version is 1.4.13
2023-09-15 17:11:52 Downloading update from https://github.com/obsidianmd/obsidian-releases/releases/download/v1.4.13/obsidian-1.4.13.asar.gz
2023-09-15 17:11:53 Verifying hash & signature. Size= 8394487
2023-09-15 17:11:53 Saving file
2023-09-15 17:11:54 Update complete.
2023-09-15 17:19:29 Loading updated app package /home/andre/.config/obsidian/obsidian-1.4.13.asar
2023-09-15 17:19:29 Checking for update using Github
2023-09-15 17:19:30 Success.
2023-09-15 17:19:30 Latest version is 1.4.13
2023-09-15 17:19:30 App is up to date.
2023-09-15 17:20:02 Loading updated app package /home/andre/.config/obsidian/obsidian-1.4.13.asar
2023-09-15 17:20:03 Checking for update using Github
2023-09-15 17:20:03 Success.
2023-09-15 17:20:03 Latest version is 1.4.13
2023-09-15 17:20:03 App is up to date.
2023-09-15 18:20:02 Checking for update using Github
2023-09-15 18:20:03 Success.
2023-09-15 18:20:03 Latest version is 1.4.13
2023-09-15 18:20:03 App is up to date.
2023-09-15 19:20:03 Checking for update using Github
2023-09-15 19:20:03 Success.
2023-09-15 19:20:03 Latest version is 1.4.13
2023-09-15 19:20:03 App is up to date.
2023-09-15 19:59:03 Loading updated app package /home/andre/.config/obsidian/obsidian-1.4.13.asar
2023-09-15 19:59:04 Checking for update using Github
2023-09-15 19:59:05 Success.
2023-09-15 19:59:05 Latest version is 1.4.13
2023-09-15 19:59:05 App is up to date.
2023-09-16 01:07:53 Loading updated app package /home/andre/.config/obsidian/obsidian-1.4.13.asar
2023-09-16 01:07:54 Checking for update using Github
2023-09-16 01:07:54 Success.
2023-09-16 01:07:54 Latest version is 1.4.13
2023-09-16 01:07:54 App is up to date.
2023-09-16 03:33:57 Checking for update using Github
2023-09-16 03:33:57 Success.
2023-09-16 03:33:57 Latest version is 1.4.13
2023-09-16 03:33:57 App is up to date.
2023-09-16 19:13:40 Loading updated app package /home/andre/.config/obsidian/obsidian-1.4.13.asar
2023-09-16 19:13:40 Checking for update using Github
2023-09-16 19:13:41 Success.
2023-09-16 19:13:41 Latest version is 1.4.13
2023-09-16 19:13:41 App is up to date.
2023-09-17 03:35:06 Loading updated app package /home/andre/.config/obsidian/obsidian-1.4.13.asar
2023-09-17 03:35:07 Checking for update using Github
2023-09-17 03:35:08 Success.
2023-09-17 03:35:08 Latest version is 1.4.13
2023-09-17 03:35:08 App is up to date.
2023-09-17 05:42:17 Loading updated app package /home/andre/.config/obsidian/obsidian-1.4.13.asar
2023-09-17 05:42:17 Checking for update using Github
2023-09-17 05:42:17 Success.
2023-09-17 05:42:17 Latest version is 1.4.13
2023-09-17 05:42:17 App is up to date.
2023-09-17 06:42:17 Checking for update using Github
2023-09-17 06:42:17 Success.
2023-09-17 06:42:17 Latest version is 1.4.13
2023-09-17 06:42:17 App is up to date.
2023-09-21 23:04:59 Loading updated app package /home/andre/.config/obsidian/obsidian-1.4.13.asar
2023-09-21 23:05:01 Checking for update using Github
2023-09-21 23:05:02 Success.
2023-09-21 23:05:02 Latest version is 1.4.13
2023-09-21 23:05:02 App is up to date.
2023-09-22 03:43:12 Loading updated app package /home/andre/.config/obsidian/obsidian-1.4.13.asar
2023-09-22 03:43:13 Checking for update using Github
2023-09-22 03:43:14 Success.
2023-09-22 03:43:14 Latest version is 1.4.13
2023-09-22 03:43:14 App is up to date.
2023-09-22 04:43:12 Checking for update using Github
2023-09-22 04:43:12 Success.
2023-09-22 04:43:12 Latest version is 1.4.13
2023-09-22 04:43:12 App is up to date.
2023-09-22 05:43:12 Checking for update using Github
2023-09-22 05:43:12 Success.
2023-09-22 05:43:12 Latest version is 1.4.13
2023-09-22 05:43:12 App is up to date.
2023-09-22 06:43:12 Checking for update using Github
2023-09-22 06:43:12 Success.
2023-09-22 06:43:12 Latest version is 1.4.13
2023-09-22 06:43:12 App is up to date.
2023-09-22 07:43:12 Checking for update using Github
2023-09-22 07:43:12 Success.
2023-09-22 07:43:12 Latest version is 1.4.13
2023-09-22 07:43:12 App is up to date.
2023-09-22 08:43:12 Checking for update using Github
2023-09-22 08:43:12 Success.
2023-09-22 08:43:12 Latest version is 1.4.13
2023-09-22 08:43:12 App is up to date.
2023-09-23 23:19:49 Loading updated app package /home/andre/.config/obsidian/obsidian-1.4.13.asar
2023-09-23 23:19:53 Checking for update using Github
2023-09-23 23:19:54 Success.
2023-09-23 23:19:54 Latest version is 1.4.13
2023-09-23 23:19:54 App is up to date.
2023-09-24 21:39:38 Loading main app package /usr/lib/obsidian/obsidian.asar
2023-09-24 21:39:39 Checking for update using Github
2023-09-24 21:39:40 Success.
2023-09-24 21:39:40 Latest version is 1.4.13
2023-09-24 21:39:40 App is up to date.
2023-09-25 20:24:01 Loading main app package /usr/lib/obsidian/obsidian.asar
2023-09-25 20:24:03 Checking for update using Github
2023-09-25 20:24:04 Success.
2023-09-25 20:24:04 Latest version is 1.4.13
2023-09-25 20:24:04 App is up to date.
2023-09-25 22:41:47 Checking for update using Github
2023-09-25 22:41:48 Success.
2023-09-25 22:41:48 Latest version is 1.4.13
2023-09-25 22:41:48 App is up to date.
2023-09-25 23:41:47 Checking for update using Github
2023-09-25 23:41:49 Success.
2023-09-25 23:41:49 Latest version is 1.4.13
2023-09-25 23:41:49 App is up to date.
2023-09-26 02:33:14 Checking for update using Github
2023-09-26 02:33:14 Success.
2023-09-26 02:33:14 Latest version is 1.4.13
2023-09-26 02:33:14 App is up to date.
2023-09-26 03:33:14 Checking for update using Github
2023-09-26 03:33:14 Success.
2023-09-26 03:33:14 Latest version is 1.4.13
2023-09-26 03:33:14 App is up to date.
2023-09-26 04:33:14 Checking for update using Github
2023-09-26 04:33:14 Success.
2023-09-26 04:33:14 Latest version is 1.4.13
2023-09-26 04:33:14 App is up to date.
2023-09-26 05:33:14 Checking for update using Github
2023-09-26 05:33:14 Success.
2023-09-26 05:33:14 Latest version is 1.4.13
2023-09-26 05:33:14 App is up to date.
2023-10-02 15:56:42 Loading main app package /usr/lib/obsidian/obsidian.asar
2023-10-02 15:56:44 Checking for update using Github
2023-10-02 15:56:44 Success.
2023-10-02 15:56:44 Latest version is 1.4.14
2023-10-02 15:56:44 Downloading update from https://github.com/obsidianmd/obsidian-releases/releases/download/v1.4.14/obsidian-1.4.14.asar.gz
2023-10-02 15:56:45 Verifying hash & signature. Size= 8393737
2023-10-02 15:56:45 Saving file
2023-10-02 15:56:46 Update complete.
2023-10-08 16:00:52 Loading main app package /usr/lib/obsidian/obsidian.asar
2023-10-08 16:00:55 Checking for update using Github
2023-10-08 16:00:56 Success.
2023-10-08 16:00:56 Latest version is 1.4.14
2023-10-08 16:00:56 App is up to date.
2023-10-08 17:00:52 Checking for update using Github
2023-10-08 17:00:53 Success.
2023-10-08 17:00:53 Latest version is 1.4.14
2023-10-08 17:00:53 App is up to date.
2023-10-09 16:37:58 Loading main app package /usr/lib/obsidian/obsidian.asar
2023-10-09 16:37:59 Checking for update using Github
2023-10-09 16:38:00 Success.
2023-10-09 16:38:00 Latest version is 1.4.14
2023-10-09 16:38:00 App is up to date.
2023-10-09 21:57:37 Loading main app package /usr/lib/obsidian/obsidian.asar
2023-10-09 21:57:38 Checking for update using Github
2023-10-09 21:57:39 Success.
2023-10-09 21:57:39 Latest version is 1.4.14
2023-10-09 21:57:39 App is up to date.
2023-10-09 22:19:10 Loading main app package /usr/lib/obsidian/obsidian.asar
2023-10-09 22:19:10 Checking for update using Github
2023-10-09 22:19:10 Success.
2023-10-09 22:19:10 Latest version is 1.4.14
2023-10-09 22:19:10 App is up to date.
2023-10-09 22:19:53 Loading main app package /usr/lib/obsidian/obsidian.asar
2023-10-09 22:19:53 Checking for update using Github
2023-10-09 22:19:53 Success.
2023-10-09 22:19:53 Latest version is 1.4.14
2023-10-09 22:19:53 App is up to date.
2023-10-09 22:45:51 Loading main app package /usr/lib/obsidian/obsidian.asar
2023-10-09 22:45:52 Checking for update using Github
2023-10-09 22:45:52 Success.
2023-10-09 22:45:52 Latest version is 1.4.14
2023-10-09 22:45:52 App is up to date.
2023-10-13 00:58:04 Loading main app package /usr/lib/obsidian/obsidian.asar
2023-10-13 00:58:05 Checking for update using Github
2023-10-13 00:58:06 Success.
2023-10-13 00:58:06 Latest version is 1.4.14
2023-10-13 00:58:06 App is up to date.
2023-10-13 01:58:05 Checking for update using Github
2023-10-13 01:58:05 Success.
2023-10-13 01:58:05 Latest version is 1.4.14
2023-10-13 01:58:05 App is up to date.
2023-10-13 02:58:05 Checking for update using Github
2023-10-13 02:58:05 Success.
2023-10-13 02:58:05 Latest version is 1.4.14
2023-10-13 02:58:05 App is up to date.
2023-10-13 03:58:05 Checking for update using Github
2023-10-13 03:58:05 Success.
2023-10-13 03:58:05 Latest version is 1.4.14
2023-10-13 03:58:05 App is up to date.
2023-10-14 23:17:19 Loading main app package /usr/lib/obsidian/obsidian.asar
2023-10-14 23:17:20 Checking for update using Github
2023-10-14 23:17:21 Success.
2023-10-14 23:17:21 Latest version is 1.4.16
2023-10-14 23:17:21 App is up to date.
2023-10-15 00:17:20 Checking for update using Github
2023-10-15 00:17:20 Success.
2023-10-15 00:17:20 Latest version is 1.4.16
2023-10-15 00:17:20 App is up to date.
2023-10-19 04:13:31 Loading main app package /usr/lib/obsidian/obsidian.asar
2023-10-19 04:13:32 Checking for update using Github
2023-10-19 04:13:33 Success.
2023-10-19 04:13:33 Latest version is 1.4.16
2023-10-19 04:13:33 App is up to date.
2023-10-19 05:13:32 Checking for update using Github
2023-10-19 05:13:33 Success.
2023-10-19 05:13:33 Latest version is 1.4.16
2023-10-19 05:13:33 App is up to date.
